C:\Program Files (x86)\Microsoft Visual Studio\2019\Community\MSBuild\Microsoft\VC\v160\Microsoft.CppBuild.targets(513,5): warning MSB8028: The intermediate directory (Debug\) contains files shared from another project (Win32SimpleSample.vcxproj).  This can lead to incorrect clean and rebuild behavior.
  Game.cpp
C:\Users\angus\Documents\tools\WFFC-Edit\WOFFCEdit\Game.cpp(41,60): warning C4305: 'argument': truncation from 'double' to 'float'
C:\Users\angus\Documents\tools\WFFC-Edit\WOFFCEdit\Game.cpp(118,44): warning C4244: 'argument': conversion from 'double' to 'const float', possible loss of data
C:\Users\angus\Documents\tools\WFFC-Edit\WOFFCEdit\Game.cpp(120,73): warning C4244: 'argument': conversion from 'double' to 'const float', possible loss of data
C:\Users\angus\Documents\tools\WFFC-Edit\WOFFCEdit\Game.cpp(197,57): warning C4244: 'argument': conversion from 'double' to 'float', possible loss of data
C:\Users\angus\Documents\tools\WFFC-Edit\WOFFCEdit\Game.cpp(196,57): warning C4244: 'argument': conversion from 'double' to 'float', possible loss of data
C:\Users\angus\Documents\tools\WFFC-Edit\WOFFCEdit\Game.cpp(195,97): warning C4244: 'argument': conversion from 'double' to 'float', possible loss of data
C:\Users\angus\Documents\tools\WFFC-Edit\WOFFCEdit\Game.cpp(181,10): warning C4101: 'Buffer': unreferenced local variable
C:\Users\angus\Documents\tools\WFFC-Edit\WOFFCEdit\Game.cpp(563,82): warning C4244: 'argument': conversion from 'int' to 'float', possible loss of data
C:\Users\angus\Documents\tools\WFFC-Edit\WOFFCEdit\Game.cpp(563,57): warning C4244: 'argument': conversion from 'int' to 'float', possible loss of data
C:\Users\angus\Documents\tools\WFFC-Edit\WOFFCEdit\Game.cpp(564,81): warning C4244: 'argument': conversion from 'int' to 'float', possible loss of data
C:\Users\angus\Documents\tools\WFFC-Edit\WOFFCEdit\Game.cpp(564,56): warning C4244: 'argument': conversion from 'int' to 'float', possible loss of data
C:\Users\angus\Documents\tools\WFFC-Edit\WOFFCEdit\Game.cpp(567,20): warning C4018: '<': signed/unsigned mismatch
C:\Users\angus\Documents\tools\WFFC-Edit\WOFFCEdit\Game.cpp(576,46): warning C4244: 'argument': conversion from 'double' to 'float', possible loss of data
C:\Users\angus\Documents\tools\WFFC-Edit\WOFFCEdit\Game.cpp(575,46): warning C4244: 'argument': conversion from 'double' to 'float', possible loss of data
C:\Users\angus\Documents\tools\WFFC-Edit\WOFFCEdit\Game.cpp(574,98): warning C4244: 'argument': conversion from 'double' to 'float', possible loss of data
C:\Users\angus\Documents\tools\WFFC-Edit\WOFFCEdit\Game.cpp(582,111): warning C4244: 'argument': conversion from 'LONG' to 'float', possible loss of data
C:\Users\angus\Documents\tools\WFFC-Edit\WOFFCEdit\Game.cpp(582,85): warning C4244: 'argument': conversion from 'LONG' to 'float', possible loss of data
C:\Users\angus\Documents\tools\WFFC-Edit\WOFFCEdit\Game.cpp(583,109): warning C4244: 'argument': conversion from 'LONG' to 'float', possible loss of data
C:\Users\angus\Documents\tools\WFFC-Edit\WOFFCEdit\Game.cpp(583,83): warning C4244: 'argument': conversion from 'LONG' to 'float', possible loss of data
C:\Users\angus\Documents\tools\WFFC-Edit\WOFFCEdit\Game.cpp(590,21): warning C4018: '<': signed/unsigned mismatch
  Win32SimpleSample.vcxproj -> C:\Users\angus\Documents\tools\WFFC-Edit\WOFFCEdit\Debug\WoFEdit.exe
